<?xml version="1.0" encoding="UTF-8" standalone="yes"?><!DOCTYPE report PUBLIC "-//JACOCO//DTD Report 1.1//EN" "report.dtd"><report name="Student Analyzer"><sessioninfo id="DESKTOP-8SH5526-44308ffc" start="1768985944702" dump="1768985945653"/><package name=""><class name="StudentAnalyzer" sourcefilename="StudentAnalyzer.java"><method name="&lt;init&gt;" desc="()V" line="4"><counter type="INSTRUCTION" missed="0" covered="3"/><counter type="LINE" missed="0" covered="1"/><counter type="COMPLEXITY" missed="0" covered="1"/><counter type="METHOD" missed="0" covered="1"/></method><method name="countExcellentStudents" desc="(Ljava/util/List;)I" line="6"><counter type="INSTRUCTION" missed="0" covered="40"/><counter type="BRANCH" missed="1" covered="13"/><counter type="LINE" missed="0" covered="6"/><counter type="COMPLEXITY" missed="1" covered="7"/><counter type="METHOD" missed="0" covered="1"/></method><method name="calculateValidAverage" desc="(Ljava/util/List;)D" line="15"><counter type="INSTRUCTION" missed="2" covered="47"/><counter type="BRANCH" missed="3" covered="11"/><counter type="LINE" missed="0" covered="9"/><counter type="COMPLEXITY" missed="3" covered="5"/><counter type="METHOD" missed="0" covered="1"/></method><counter type="INSTRUCTION" missed="2" covered="90"/><counter type="BRANCH" missed="4" covered="24"/><counter type="LINE" missed="0" covered="16"/><counter type="COMPLEXITY" missed="4" covered="13"/><counter type="METHOD" missed="0" covered="3"/><counter type="CLASS" missed="0" covered="1"/></class><sourcefile name="StudentAnalyzer.java"><line nr="4" mi="0" ci="3" mb="0" cb="0"/><line nr="6" mi="0" ci="7" mb="0" cb="4"/><line nr="7" mi="0" ci="2" mb="0" cb="0"/><line nr="8" mi="0" ci="10" mb="0" cb="2"/><line nr="9" mi="0" ci="18" mb="1" cb="7"/><line nr="10" mi="0" ci="1" mb="0" cb="0"/><line nr="11" mi="0" ci="2" mb="0" cb="0"/><line nr="15" mi="0" ci="7" mb="1" cb="3"/><line nr="16" mi="0" ci="2" mb="0" cb="0"/><line nr="17" mi="0" ci="2" mb="0" cb="0"/><line nr="18" mi="0" ci="10" mb="0" cb="2"/><line nr="19" mi="0" ci="12" mb="1" cb="5"/><line nr="20" mi="0" ci="5" mb="0" cb="0"/><line nr="21" mi="0" ci="1" mb="0" cb="0"/><line nr="23" mi="0" ci="1" mb="0" cb="0"/><line nr="24" mi="2" ci="7" mb="1" cb="1"/><counter type="INSTRUCTION" missed="2" covered="90"/><counter type="BRANCH" missed="4" covered="24"/><counter type="LINE" missed="0" covered="16"/><counter type="COMPLEXITY" missed="4" covered="13"/><counter type="METHOD" missed="0" covered="3"/><counter type="CLASS" missed="0" covered="1"/></sourcefile><counter type="INSTRUCTION" missed="2" covered="90"/><counter type="BRANCH" missed="4" covered="24"/><counter type="LINE" missed="0" covered="16"/><counter type="COMPLEXITY" missed="4" covered="13"/><counter type="METHOD" missed="0" covered="3"/><counter type="CLASS" missed="0" covered="1"/></package><counter type="INSTRUCTION" missed="2" covered="90"/><counter type="BRANCH" missed="4" covered="24"/><counter type="LINE" missed="0" covered="16"/><counter type="COMPLEXITY" missed="4" covered="13"/><counter type="METHOD" missed="0" covered="3"/><counter type="CLASS" missed="0" covered="1"/></report>