<?xml version="1.0" encoding="UTF-8"?>
<testsuite xmlns:xsi="http://www.w3.org/2001/XMLSchema-instance" xsi:noNamespaceSchemaLocation="https://maven.apache.org/surefire/maven-surefire-plugin/xsd/surefire-test-report-3.0.xsd" version="3.0" name="StudentAnalyzerTest" time="0.132" tests="9" errors="0" skipped="0" failures="0">
  <properties>
[...]
</properties>
  <testcase name="testCountExcellentAllInvalid" classname="StudentAnalyzerTest" time="0.068"/>
  <testcase name="testAverageEmpty" classname="StudentAnalyzerTest" time="0"/>
  <testcase name="testAverageMixed" classname="StudentAnalyzerTest" time="0"/>
  <testcase name="testCountExcellentNormal" classname="StudentAnalyzerTest" time="0"/>
  <testcase name="testAverageMinMax" classname="StudentAnalyzerTest" time="0"/>
  <testcase name="testAverageAllValid" classname="StudentAnalyzerTest" time="0"/>
  <testcase name="testAverageInvalidScores" classname="StudentAnalyzerTest" time="0"/>
  <testcase name="testCountExcellentEmpty" classname="StudentAnalyzerTest" time="0"/>
  <testcase name="testCountExcellentBoundaries" classname="StudentAnalyzerTest" time="0"/>
</testsuite>